<?xml version="1.0" encoding="UTF-8"?>
<testng-results skipped="0" failed="0" ignored="0" total="1" passed="1">
  <reporter-output>
  </reporter-output>
  <suite name="Default suite" duration-ms="19085" started-at="2017-12-06T11:21:23Z" finished-at="2017-12-06T11:21:42Z">
    <groups>
    </groups>
    <test name="Default test" duration-ms="19085" started-at="2017-12-06T11:21:23Z" finished-at="2017-12-06T11:21:42Z">
      <class name="automation.Apptest1">
        <test-method status="PASS" signature="excel()[pri:0, instance:automation.Apptest1@6b09bb57]" name="excel" duration-ms="19039" started-at="2017-12-06T16:51:23Z" finished-at="2017-12-06T16:51:42Z">
          <reporter-output>
          </reporter-output>
        </test-method> <!-- excel -->
      </class> <!-- automation.Apptest1 -->
    </test> <!-- Default test -->
  </suite> <!-- Default suite -->
</testng-results>
